  Gamble_Town.c
C:\Users\rkc32\OneDrive\Desktop\GITHUB\SBS\C_Game\PokerGame\Gamble_Town.c(8,21): warning C4305: '초기화 중': 'double'에서 'float'(으)로 잘립니다.
C:\Users\rkc32\OneDrive\Desktop\GITHUB\SBS\C_Game\PokerGame\Gamble_Town.c(466,12): warning C4244: '함수': 'time_t'에서 'unsigned int'(으)로 변환하면서 데이터가 손실될 수 있습니다.
C:\Users\rkc32\OneDrive\Desktop\GITHUB\SBS\C_Game\PokerGame\Gamble_Town.c(502,21): warning C4474: 'printf' : 서식 문자열에 전달된 인수가 너무 많습니다.
C:\Users\rkc32\OneDrive\Desktop\GITHUB\SBS\C_Game\PokerGame\Gamble_Town.c(502,21): message : 자리 표시자 및 해당 매개 변수에는 variadic 인수가 0개 필요하지만 6개가 제공되었습니다.
C:\Users\rkc32\OneDrive\Desktop\GITHUB\SBS\C_Game\PokerGame\Gamble_Town.c(846,10): warning C4244: '=': 'float'에서 'int'(으)로 변환하면서 데이터가 손실될 수 있습니다.
C:\Users\rkc32\OneDrive\Desktop\GITHUB\SBS\C_Game\PokerGame\Gamble_Town.c(857,13): warning C4473: 'printf': 서식 문자열에 대한 인수가 충분하게 전달되지 않았습니다.
C:\Users\rkc32\OneDrive\Desktop\GITHUB\SBS\C_Game\PokerGame\Gamble_Town.c(857,13): message : 자리 표시자 및 해당 매개 변수에는 variadic 인수가 1개 필요하지만 0개가 제공되었습니다.
C:\Users\rkc32\OneDrive\Desktop\GITHUB\SBS\C_Game\PokerGame\Gamble_Town.c(857,13): message : 누락된 variadic 인수 1이(가) 서식 문자열 '%.2lf'에 필요합니다.
C:\Users\rkc32\OneDrive\Desktop\GITHUB\SBS\C_Game\PokerGame\Gamble_Town.c(876,9): warning C4244: '=': 'float'에서 'int'(으)로 변환하면서 데이터가 손실될 수 있습니다.
C:\Users\rkc32\OneDrive\Desktop\GITHUB\SBS\C_Game\PokerGame\Gamble_Town.c(887,12): warning C4473: 'printf': 서식 문자열에 대한 인수가 충분하게 전달되지 않았습니다.
C:\Users\rkc32\OneDrive\Desktop\GITHUB\SBS\C_Game\PokerGame\Gamble_Town.c(887,12): message : 자리 표시자 및 해당 매개 변수에는 variadic 인수가 1개 필요하지만 0개가 제공되었습니다.
C:\Users\rkc32\OneDrive\Desktop\GITHUB\SBS\C_Game\PokerGame\Gamble_Town.c(887,12): message : 누락된 variadic 인수 1이(가) 서식 문자열 '%.2lf'에 필요합니다.
C:\Users\rkc32\OneDrive\Desktop\GITHUB\SBS\C_Game\PokerGame\Gamble_Town.c(463,6): warning C4101: 'Select' :참조되지 않은 지역 변수입니다.
C:\Users\rkc32\OneDrive\Desktop\GITHUB\SBS\C_Game\PokerGame\Gamble_Town.c(983,11): warning C4305: '함수': 'double'에서 'float'(으)로 잘립니다.
C:\Users\rkc32\OneDrive\Desktop\GITHUB\SBS\C_Game\PokerGame\Gamble_Town.c(1128,6): warning C4101: 'A' :참조되지 않은 지역 변수입니다.
C:\Users\rkc32\OneDrive\Desktop\GITHUB\SBS\C_Game\PokerGame\Gamble_Town.c(1179,12): warning C4244: '함수': 'float'에서 'DWORD'(으)로 변환하면서 데이터가 손실될 수 있습니다.
C:\Users\rkc32\OneDrive\Desktop\GITHUB\SBS\C_Game\PokerGame\Gamble_Town.c(1245,1): warning C4819: 현재 코드 페이지(949)에서 표시할 수 없는 문자가 파일에 들어 있습니다. 데이터가 손실되지 않게 하려면 해당 파일을 유니코드 형식으로 저장하십시오.
C:\Users\rkc32\OneDrive\Desktop\GITHUB\SBS\C_Game\PokerGame\Gamble_Town.c(1409,11): warning C4305: '함수': 'double'에서 'float'(으)로 잘립니다.
C:\Users\rkc32\OneDrive\Desktop\GITHUB\SBS\C_Game\PokerGame\Gamble_Town.c(1635,14): warning C4244: '함수': 'double'에서 'DWORD'(으)로 변환하면서 데이터가 손실될 수 있습니다.
C:\Users\rkc32\OneDrive\Desktop\GITHUB\SBS\C_Game\PokerGame\Gamble_Town.c(1693,20): warning C4244: '=': 'double'에서 'int'(으)로 변환하면서 데이터가 손실될 수 있습니다.
C:\Users\rkc32\OneDrive\Desktop\GITHUB\SBS\C_Game\PokerGame\Gamble_Town.c(2099,20): warning C4244: '=': 'double'에서 'int'(으)로 변환하면서 데이터가 손실될 수 있습니다.
C:\Users\rkc32\OneDrive\Desktop\GITHUB\SBS\C_Game\PokerGame\Gamble_Town.c(2526,1): warning C4819: 현재 코드 페이지(949)에서 표시할 수 없는 문자가 파일에 들어 있습니다. 데이터가 손실되지 않게 하려면 해당 파일을 유니코드 형식으로 저장하십시오.
C:\Users\rkc32\OneDrive\Desktop\GITHUB\SBS\C_Game\PokerGame\Gamble_Town.c(2846,9): warning C4244: '=': 'float'에서 'int'(으)로 변환하면서 데이터가 손실될 수 있습니다.
C:\Users\rkc32\OneDrive\Desktop\GITHUB\SBS\C_Game\PokerGame\Gamble_Town.c(2963,16): warning C4244: '=': 'int'에서 'float'(으)로 변환하면서 데이터가 손실될 수 있습니다.
C:\Users\rkc32\OneDrive\Desktop\GITHUB\SBS\C_Game\PokerGame\Gamble_Town.c(2964,16): warning C4244: '=': 'int'에서 'float'(으)로 변환하면서 데이터가 손실될 수 있습니다.
C:\Users\rkc32\OneDrive\Desktop\GITHUB\SBS\C_Game\PokerGame\Gamble_Town.c(2984,24): warning C4244: '+=': 'double'에서 'float'(으)로 변환하면서 데이터가 손실될 수 있습니다.
C:\Users\rkc32\OneDrive\Desktop\GITHUB\SBS\C_Game\PokerGame\Gamble_Town.c(3127,11): warning C4477: 'printf' : 서식 문자열 '%d'에 'int' 형식의 인수가 필요하지만 variadic 인수 1의 형식이 'double'입니다.
C:\Users\rkc32\OneDrive\Desktop\GITHUB\SBS\C_Game\PokerGame\Gamble_Town.c(3135,11): warning C4477: 'printf' : 서식 문자열 '%d'에 'int' 형식의 인수가 필요하지만 variadic 인수 1의 형식이 'double'입니다.
C:\Users\rkc32\OneDrive\Desktop\GITHUB\SBS\C_Game\PokerGame\Gamble_Town.c(3428,8): warning C4244: '=': 'float'에서 'int'(으)로 변환하면서 데이터가 손실될 수 있습니다.
C:\Users\rkc32\OneDrive\Desktop\GITHUB\SBS\C_Game\PokerGame\Gamble_Town.c(3447,8): warning C4244: '=': 'float'에서 'int'(으)로 변환하면서 데이터가 손실될 수 있습니다.
C:\Users\rkc32\OneDrive\Desktop\GITHUB\SBS\C_Game\PokerGame\Gamble_Town.c(3641,9): warning C4476: 'printf' : 서식 지정자에 알 수 없는 형식 필드 문자 '\xec'이(가) 있습니다.
C:\Users\rkc32\OneDrive\Desktop\GITHUB\SBS\C_Game\PokerGame\Gamble_Town.c(2926): warning C4716: 'Gold_Store': 값을 반환해야 합니다.
C:\Users\rkc32\OneDrive\Desktop\GITHUB\SBS\C_Game\PokerGame\Gamble_Town.c(2989): warning C4716: 'Gold_Change': 값을 반환해야 합니다.
  PokerGame.vcxproj -> C:\Users\rkc32\OneDrive\Desktop\GITHUB\SBS\C_Game\x64\Debug\PokerGame.exe
